warning: unused import: `Waypoint`
 --> crates/atc-core/src/spatial.rs:3:33
  |
3 | use crate::models::{FlightPlan, Waypoint};
  |                                 ^^^^^^^^
  |
  = note: `#[warn(unused_imports)]` (part of `#[warn(unused)]`) on by default

warning: use of deprecated function `rand::thread_rng`: Renamed to `rng`
  --> crates/atc-core/src/routing.rs:97:25
   |
97 |     let mut rng = rand::thread_rng();
   |                         ^^^^^^^^^^
   |
   = note: `#[warn(deprecated)]` on by default

warning: use of deprecated method `rand::Rng::gen_range`: Renamed to `random_range`
  --> crates/atc-core/src/routing.rs:98:26
   |
98 |     let lat_offset = rng.gen_range(-RADIUS_DEG..RADIUS_DEG);
   |                          ^^^^^^^^^

warning: use of deprecated method `rand::Rng::gen_range`: Renamed to `random_range`
  --> crates/atc-core/src/routing.rs:99:26
   |
99 |     let lon_offset = rng.gen_range(-RADIUS_DEG..RADIUS_DEG);
   |                          ^^^^^^^^^

warning: constant `MIN_TIME_SEP_S` is never used
 --> crates/atc-core/src/spatial.rs:8:7
  |
8 | const MIN_TIME_SEP_S: f64 = 60.0; 
  |       ^^^^^^^^^^^^^^
  |
  = note: `#[warn(dead_code)]` (part of `#[warn(unused)]`) on by default

warning: `atc-core` (lib) generated 5 warnings (run `cargo fix --lib -p atc-core` to apply 1 suggestion)
warning: unused import: `Deserialize`
 --> crates/atc-blender/src/client.rs:6:13
  |
6 | use serde::{Deserialize, Serialize};
  |             ^^^^^^^^^^^
  |
  = note: `#[warn(unused_imports)]` (part of `#[warn(unused)]`) on by default

warning: `atc-blender` (lib) generated 1 warning (run `cargo fix --lib -p atc-blender` to apply 1 suggestion)
   Compiling atc-server v0.2.0 (/home/uci/Project/atc-drone/crates/atc-server)
warning: unused import: `stream::StreamExt`
 --> crates/atc-server/src/api/ws.rs:9:30
  |
9 | use futures::{sink::SinkExt, stream::StreamExt};
  |                              ^^^^^^^^^^^^^^^^^
  |
  = note: `#[warn(unused_imports)]` (part of `#[warn(unused)]`) on by default

warning: unused import: `tokio::sync::broadcast`
  --> crates/atc-server/src/api/ws.rs:11:5
   |
11 | use tokio::sync::broadcast;
   |     ^^^^^^^^^^^^^^^^^^^^^^

warning: unused import: `Router`
 --> crates/atc-server/src/main.rs:9:26
  |
9 | use axum::{routing::get, Router};
  |                          ^^^^^^

warning: unused import: `sink::SinkExt`
 --> crates/atc-server/src/api/ws.rs:9:15
  |
9 | use futures::{sink::SinkExt, stream::StreamExt};
  |               ^^^^^^^^^^^^^

warning: unused variable: `drone_id`
  --> crates/atc-server/src/state/store.rs:39:34
   |
39 |     pub fn register_drone(&self, drone_id: &str) {
   |                                  ^^^^^^^^ help: if this is intentional, prefix it with an underscore: `_drone_id`
   |
   = note: `#[warn(unused_variables)]` (part of `#[warn(unused)]`) on by default

warning: field `drone_type` is never read
  --> crates/atc-server/src/api/routes.rs:32:9
   |
30 | pub struct RegisterRequest {
   |            --------------- field in this struct
31 |     pub drone_id: Option<String>,
32 |     pub drone_type: Option<String>,
   |         ^^^^^^^^^^
   |
   = note: `RegisterRequest` has a derived impl for the trait `Debug`, but this is intentionally ignored during dead code analysis
   = note: `#[warn(dead_code)]` (part of `#[warn(unused)]`) on by default

warning: `atc-server` (bin "atc-server") generated 6 warnings (run `cargo fix --bin "atc-server" -p atc-server` to apply 4 suggestions)
    Finished `dev` profile [unoptimized + debuginfo] target(s) in 1.70s
     Running `target/debug/atc-server`
[2m2026-01-15T07:50:08.572848Z[0m [32m INFO[0m [2matc_server[0m[2m:[0m Starting ATC Server...
[2m2026-01-15T07:50:08.573233Z[0m [32m INFO[0m [2matc_server[0m[2m:[0m Listening on 0.0.0.0:3000
[2m2026-01-15T07:50:18.600626Z[0m [34mDEBUG[0m [2matc_server::loops::blender_sync_loop[0m[2m:[0m Synced 1 drones to Blender
[2m2026-01-15T07:50:19.600562Z[0m [34mDEBUG[0m [2matc_server::loops::blender_sync_loop[0m[2m:[0m Synced 1 drones to Blender
[2m2026-01-15T07:50:20.600467Z[0m [34mDEBUG[0m [2matc_server::loops::blender_sync_loop[0m[2m:[0m Synced 1 drones to Blender
[2m2026-01-15T07:50:21.599509Z[0m [34mDEBUG[0m [2matc_server::loops::blender_sync_loop[0m[2m:[0m Synced 1 drones to Blender
[2m2026-01-15T07:50:22.599443Z[0m [34mDEBUG[0m [2matc_server::loops::blender_sync_loop[0m[2m:[0m Synced 1 drones to Blender
[2m2026-01-15T07:50:23.599449Z[0m [34mDEBUG[0m [2matc_server::loops::blender_sync_loop[0m[2m:[0m Synced 1 drones to Blender
[2m2026-01-15T07:50:24.598987Z[0m [34mDEBUG[0m [2matc_server::loops::blender_sync_loop[0m[2m:[0m Synced 1 drones to Blender
[2m2026-01-15T07:50:25.599754Z[0m [34mDEBUG[0m [2matc_server::loops::blender_sync_loop[0m[2m:[0m Synced 1 drones to Blender
[2m2026-01-15T07:50:26.599539Z[0m [34mDEBUG[0m [2matc_server::loops::blender_sync_loop[0m[2m:[0m Synced 1 drones to Blender
[2m2026-01-15T07:50:27.601829Z[0m [34mDEBUG[0m [2matc_server::loops::blender_sync_loop[0m[2m:[0m Synced 1 drones to Blender
[2m2026-01-15T07:50:28.599826Z[0m [34mDEBUG[0m [2matc_server::loops::blender_sync_loop[0m[2m:[0m Synced 1 drones to Blender
[2m2026-01-15T07:50:29.598863Z[0m [34mDEBUG[0m [2matc_server::loops::blender_sync_loop[0m[2m:[0m Synced 1 drones to Blender
[2m2026-01-15T07:50:30.599851Z[0m [34mDEBUG[0m [2matc_server::loops::blender_sync_loop[0m[2m:[0m Synced 1 drones to Blender
[2m2026-01-15T07:50:31.599130Z[0m [34mDEBUG[0m [2matc_server::loops::blender_sync_loop[0m[2m:[0m Synced 1 drones to Blender
[2m2026-01-15T07:50:32.600284Z[0m [34mDEBUG[0m [2matc_server::loops::blender_sync_loop[0m[2m:[0m Synced 1 drones to Blender
[2m2026-01-15T07:50:33.599136Z[0m [34mDEBUG[0m [2matc_server::loops::blender_sync_loop[0m[2m:[0m Synced 1 drones to Blender
[2m2026-01-15T07:50:34.598709Z[0m [34mDEBUG[0m [2matc_server::loops::blender_sync_loop[0m[2m:[0m Synced 1 drones to Blender
[2m2026-01-15T07:50:35.599746Z[0m [34mDEBUG[0m [2matc_server::loops::blender_sync_loop[0m[2m:[0m Synced 1 drones to Blender
[2m2026-01-15T07:50:36.600181Z[0m [34mDEBUG[0m [2matc_server::loops::blender_sync_loop[0m[2m:[0m Synced 1 drones to Blender
[2m2026-01-15T07:50:37.600049Z[0m [34mDEBUG[0m [2matc_server::loops::blender_sync_loop[0m[2m:[0m Synced 1 drones to Blender
[2m2026-01-15T07:50:38.608901Z[0m [34mDEBUG[0m [2matc_server::loops::blender_sync_loop[0m[2m:[0m Synced 1 drones to Blender
[2m2026-01-15T07:50:39.599755Z[0m [34mDEBUG[0m [2matc_server::loops::blender_sync_loop[0m[2m:[0m Synced 1 drones to Blender
[2m2026-01-15T07:50:40.600440Z[0m [34mDEBUG[0m [2matc_server::loops::blender_sync_loop[0m[2m:[0m Synced 1 drones to Blender
[2m2026-01-15T07:50:41.599257Z[0m [34mDEBUG[0m [2matc_server::loops::blender_sync_loop[0m[2m:[0m Synced 1 drones to Blender
[2m2026-01-15T07:50:42.598826Z[0m [34mDEBUG[0m [2matc_server::loops::blender_sync_loop[0m[2m:[0m Synced 1 drones to Blender
[2m2026-01-15T07:50:43.599849Z[0m [34mDEBUG[0m [2matc_server::loops::blender_sync_loop[0m[2m:[0m Synced 1 drones to Blender
[2m2026-01-15T07:50:44.599070Z[0m [34mDEBUG[0m [2matc_server::loops::blender_sync_loop[0m[2m:[0m Synced 1 drones to Blender
[2m2026-01-15T07:50:45.599050Z[0m [34mDEBUG[0m [2matc_server::loops::blender_sync_loop[0m[2m:[0m Synced 1 drones to Blender
[2m2026-01-15T07:50:46.599450Z[0m [34mDEBUG[0m [2matc_server::loops::blender_sync_loop[0m[2m:[0m Synced 1 drones to Blender
[2m2026-01-15T07:50:47.598850Z[0m [34mDEBUG[0m [2matc_server::loops::blender_sync_loop[0m[2m:[0m Synced 1 drones to Blender
[2m2026-01-15T07:50:48.599431Z[0m [34mDEBUG[0m [2matc_server::loops::blender_sync_loop[0m[2m:[0m Synced 1 drones to Blender
[2m2026-01-15T07:50:49.599248Z[0m [34mDEBUG[0m [2matc_server::loops::blender_sync_loop[0m[2m:[0m Synced 1 drones to Blender
[2m2026-01-15T07:50:50.599169Z[0m [34mDEBUG[0m [2matc_server::loops::blender_sync_loop[0m[2m:[0m Synced 1 drones to Blender
[2m2026-01-15T07:50:51.599426Z[0m [34mDEBUG[0m [2matc_server::loops::blender_sync_loop[0m[2m:[0m Synced 1 drones to Blender
[2m2026-01-15T07:50:52.599588Z[0m [34mDEBUG[0m [2matc_server::loops::blender_sync_loop[0m[2m:[0m Synced 1 drones to Blender
[2m2026-01-15T07:50:53.599344Z[0m [34mDEBUG[0m [2matc_server::loops::blender_sync_loop[0m[2m:[0m Synced 1 drones to Blender
[2m2026-01-15T07:50:54.599999Z[0m [34mDEBUG[0m [2matc_server::loops::blender_sync_loop[0m[2m:[0m Synced 1 drones to Blender
[2m2026-01-15T07:50:55.605261Z[0m [34mDEBUG[0m [2matc_server::loops::blender_sync_loop[0m[2m:[0m Synced 1 drones to Blender
[2m2026-01-15T07:50:56.598512Z[0m [34mDEBUG[0m [2matc_server::loops::blender_sync_loop[0m[2m:[0m Synced 1 drones to Blender
[2m2026-01-15T07:50:57.599972Z[0m [34mDEBUG[0m [2matc_server::loops::blender_sync_loop[0m[2m:[0m Synced 1 drones to Blender
[2m2026-01-15T07:50:58.599501Z[0m [34mDEBUG[0m [2matc_server::loops::blender_sync_loop[0m[2m:[0m Synced 1 drones to Blender
[2m2026-01-15T07:50:59.598750Z[0m [34mDEBUG[0m [2matc_server::loops::blender_sync_loop[0m[2m:[0m Synced 1 drones to Blender
[2m2026-01-15T07:51:00.598567Z[0m [34mDEBUG[0m [2matc_server::loops::blender_sync_loop[0m[2m:[0m Synced 1 drones to Blender
[2m2026-01-15T07:51:01.598643Z[0m [34mDEBUG[0m [2matc_server::loops::blender_sync_loop[0m[2m:[0m Synced 1 drones to Blender
[2m2026-01-15T07:51:02.599852Z[0m [34mDEBUG[0m [2matc_server::loops::blender_sync_loop[0m[2m:[0m Synced 1 drones to Blender
[2m2026-01-15T07:51:03.599702Z[0m [34mDEBUG[0m [2matc_server::loops::blender_sync_loop[0m[2m:[0m Synced 1 drones to Blender
[2m2026-01-15T07:51:04.599376Z[0m [34mDEBUG[0m [2matc_server::loops::blender_sync_loop[0m[2m:[0m Synced 1 drones to Blender
[2m2026-01-15T07:51:05.600025Z[0m [34mDEBUG[0m [2matc_server::loops::blender_sync_loop[0m[2m:[0m Synced 1 drones to Blender
[2m2026-01-15T07:51:06.598641Z[0m [34mDEBUG[0m [2matc_server::loops::blender_sync_loop[0m[2m:[0m Synced 1 drones to Blender
[2m2026-01-15T07:51:07.599174Z[0m [34mDEBUG[0m [2matc_server::loops::blender_sync_loop[0m[2m:[0m Synced 1 drones to Blender
[2m2026-01-15T07:51:08.599835Z[0m [34mDEBUG[0m [2matc_server::loops::blender_sync_loop[0m[2m:[0m Synced 1 drones to Blender
[2m2026-01-15T07:51:09.598676Z[0m [34mDEBUG[0m [2matc_server::loops::blender_sync_loop[0m[2m:[0m Synced 1 drones to Blender
[2m2026-01-15T07:51:10.598562Z[0m [34mDEBUG[0m [2matc_server::loops::blender_sync_loop[0m[2m:[0m Synced 1 drones to Blender
[2m2026-01-15T07:51:11.599611Z[0m [34mDEBUG[0m [2matc_server::loops::blender_sync_loop[0m[2m:[0m Synced 1 drones to Blender
[2m2026-01-15T07:51:12.598351Z[0m [34mDEBUG[0m [2matc_server::loops::blender_sync_loop[0m[2m:[0m Synced 1 drones to Blender
[2m2026-01-15T07:51:13.600078Z[0m [34mDEBUG[0m [2matc_server::loops::blender_sync_loop[0m[2m:[0m Synced 1 drones to Blender
[2m2026-01-15T07:51:14.598819Z[0m [34mDEBUG[0m [2matc_server::loops::blender_sync_loop[0m[2m:[0m Synced 1 drones to Blender
[2m2026-01-15T07:51:15.599741Z[0m [34mDEBUG[0m [2matc_server::loops::blender_sync_loop[0m[2m:[0m Synced 1 drones to Blender
[2m2026-01-15T07:51:16.600336Z[0m [34mDEBUG[0m [2matc_server::loops::blender_sync_loop[0m[2m:[0m Synced 1 drones to Blender
[2m2026-01-15T07:51:17.600004Z[0m [34mDEBUG[0m [2matc_server::loops::blender_sync_loop[0m[2m:[0m Synced 1 drones to Blender
[2m2026-01-15T07:51:18.599403Z[0m [34mDEBUG[0m [2matc_server::loops::blender_sync_loop[0m[2m:[0m Synced 1 drones to Blender
[2m2026-01-15T07:51:19.599085Z[0m [34mDEBUG[0m [2matc_server::loops::blender_sync_loop[0m[2m:[0m Synced 1 drones to Blender
[2m2026-01-15T07:51:20.599621Z[0m [34mDEBUG[0m [2matc_server::loops::blender_sync_loop[0m[2m:[0m Synced 1 drones to Blender
[2m2026-01-15T07:51:21.598839Z[0m [34mDEBUG[0m [2matc_server::loops::blender_sync_loop[0m[2m:[0m Synced 1 drones to Blender
[2m2026-01-15T07:51:22.599410Z[0m [34mDEBUG[0m [2matc_server::loops::blender_sync_loop[0m[2m:[0m Synced 1 drones to Blender
[2m2026-01-15T07:51:23.599339Z[0m [34mDEBUG[0m [2matc_server::loops::blender_sync_loop[0m[2m:[0m Synced 1 drones to Blender
[2m2026-01-15T07:51:24.599083Z[0m [34mDEBUG[0m [2matc_server::loops::blender_sync_loop[0m[2m:[0m Synced 1 drones to Blender
[2m2026-01-15T07:51:25.599088Z[0m [34mDEBUG[0m [2matc_server::loops::blender_sync_loop[0m[2m:[0m Synced 1 drones to Blender
[2m2026-01-15T07:51:26.599500Z[0m [34mDEBUG[0m [2matc_server::loops::blender_sync_loop[0m[2m:[0m Synced 1 drones to Blender
[2m2026-01-15T07:51:27.599112Z[0m [34mDEBUG[0m [2matc_server::loops::blender_sync_loop[0m[2m:[0m Synced 1 drones to Blender
[2m2026-01-15T07:51:28.599448Z[0m [34mDEBUG[0m [2matc_server::loops::blender_sync_loop[0m[2m:[0m Synced 1 drones to Blender
[2m2026-01-15T07:51:29.598817Z[0m [34mDEBUG[0m [2matc_server::loops::blender_sync_loop[0m[2m:[0m Synced 1 drones to Blender
[2m2026-01-15T07:51:30.599109Z[0m [34mDEBUG[0m [2matc_server::loops::blender_sync_loop[0m[2m:[0m Synced 1 drones to Blender
[2m2026-01-15T07:51:31.599821Z[0m [34mDEBUG[0m [2matc_server::loops::blender_sync_loop[0m[2m:[0m Synced 1 drones to Blender
[2m2026-01-15T07:51:32.599443Z[0m [34mDEBUG[0m [2matc_server::loops::blender_sync_loop[0m[2m:[0m Synced 1 drones to Blender
[2m2026-01-15T07:51:33.600241Z[0m [34mDEBUG[0m [2matc_server::loops::blender_sync_loop[0m[2m:[0m Synced 1 drones to Blender
[2m2026-01-15T07:51:34.600109Z[0m [34mDEBUG[0m [2matc_server::loops::blender_sync_loop[0m[2m:[0m Synced 1 drones to Blender
[2m2026-01-15T07:51:35.601511Z[0m [34mDEBUG[0m [2matc_server::loops::blender_sync_loop[0m[2m:[0m Synced 1 drones to Blender
[2m2026-01-15T07:51:36.599273Z[0m [34mDEBUG[0m [2matc_server::loops::blender_sync_loop[0m[2m:[0m Synced 1 drones to Blender
[2m2026-01-15T07:51:37.598978Z[0m [34mDEBUG[0m [2matc_server::loops::blender_sync_loop[0m[2m:[0m Synced 1 drones to Blender
[2m2026-01-15T07:51:38.599006Z[0m [34mDEBUG[0m [2matc_server::loops::blender_sync_loop[0m[2m:[0m Synced 1 drones to Blender
[2m2026-01-15T07:51:39.600199Z[0m [34mDEBUG[0m [2matc_server::loops::blender_sync_loop[0m[2m:[0m Synced 1 drones to Blender
[2m2026-01-15T07:51:40.599378Z[0m [34mDEBUG[0m [2matc_server::loops::blender_sync_loop[0m[2m:[0m Synced 1 drones to Blender
[2m2026-01-15T07:51:41.598718Z[0m [34mDEBUG[0m [2matc_server::loops::blender_sync_loop[0m[2m:[0m Synced 1 drones to Blender
[2m2026-01-15T07:51:42.599968Z[0m [34mDEBUG[0m [2matc_server::loops::blender_sync_loop[0m[2m:[0m Synced 1 drones to Blender
[2m2026-01-15T07:51:43.599976Z[0m [34mDEBUG[0m [2matc_server::loops::blender_sync_loop[0m[2m:[0m Synced 1 drones to Blender
[2m2026-01-15T07:51:44.599460Z[0m [34mDEBUG[0m [2matc_server::loops::blender_sync_loop[0m[2m:[0m Synced 1 drones to Blender
[2m2026-01-15T07:51:45.599728Z[0m [34mDEBUG[0m [2matc_server::loops::blender_sync_loop[0m[2m:[0m Synced 2 drones to Blender
[2m2026-01-15T07:51:46.600706Z[0m [34mDEBUG[0m [2matc_server::loops::blender_sync_loop[0m[2m:[0m Synced 2 drones to Blender
[2m2026-01-15T07:51:47.599872Z[0m [34mDEBUG[0m [2matc_server::loops::blender_sync_loop[0m[2m:[0m Synced 2 drones to Blender
[2m2026-01-15T07:51:48.599913Z[0m [34mDEBUG[0m [2matc_server::loops::blender_sync_loop[0m[2m:[0m Synced 2 drones to Blender
[2m2026-01-15T07:51:49.600119Z[0m [34mDEBUG[0m [2matc_server::loops::blender_sync_loop[0m[2m:[0m Synced 2 drones to Blender
[2m2026-01-15T07:51:50.600289Z[0m [34mDEBUG[0m [2matc_server::loops::blender_sync_loop[0m[2m:[0m Synced 2 drones to Blender
[2m2026-01-15T07:51:51.599837Z[0m [34mDEBUG[0m [2matc_server::loops::blender_sync_loop[0m[2m:[0m Synced 2 drones to Blender
[2m2026-01-15T07:51:52.599932Z[0m [34mDEBUG[0m [2matc_server::loops::blender_sync_loop[0m[2m:[0m Synced 2 drones to Blender
[2m2026-01-15T07:51:53.600552Z[0m [34mDEBUG[0m [2matc_server::loops::blender_sync_loop[0m[2m:[0m Synced 2 drones to Blender
[2m2026-01-15T07:51:54.599600Z[0m [34mDEBUG[0m [2matc_server::loops::blender_sync_loop[0m[2m:[0m Synced 2 drones to Blender
[2m2026-01-15T07:51:55.600957Z[0m [34mDEBUG[0m [2matc_server::loops::blender_sync_loop[0m[2m:[0m Synced 2 drones to Blender
[2m2026-01-15T07:51:56.601504Z[0m [34mDEBUG[0m [2matc_server::loops::blender_sync_loop[0m[2m:[0m Synced 2 drones to Blender
[2m2026-01-15T07:51:57.599832Z[0m [34mDEBUG[0m [2matc_server::loops::blender_sync_loop[0m[2m:[0m Synced 2 drones to Blender
[2m2026-01-15T07:51:58.601030Z[0m [34mDEBUG[0m [2matc_server::loops::blender_sync_loop[0m[2m:[0m Synced 2 drones to Blender
[2m2026-01-15T07:51:59.600873Z[0m [34mDEBUG[0m [2matc_server::loops::blender_sync_loop[0m[2m:[0m Synced 2 drones to Blender
[2m2026-01-15T07:52:00.600309Z[0m [34mDEBUG[0m [2matc_server::loops::blender_sync_loop[0m[2m:[0m Synced 2 drones to Blender
[2m2026-01-15T07:52:01.600016Z[0m [34mDEBUG[0m [2matc_server::loops::blender_sync_loop[0m[2m:[0m Synced 2 drones to Blender
[2m2026-01-15T07:52:02.600177Z[0m [34mDEBUG[0m [2matc_server::loops::blender_sync_loop[0m[2m:[0m Synced 2 drones to Blender
[2m2026-01-15T07:52:03.599275Z[0m [34mDEBUG[0m [2matc_server::loops::blender_sync_loop[0m[2m:[0m Synced 2 drones to Blender
[2m2026-01-15T07:52:04.600821Z[0m [34mDEBUG[0m [2matc_server::loops::blender_sync_loop[0m[2m:[0m Synced 2 drones to Blender
[2m2026-01-15T07:52:05.600038Z[0m [34mDEBUG[0m [2matc_server::loops::blender_sync_loop[0m[2m:[0m Synced 2 drones to Blender
[2m2026-01-15T07:52:06.600363Z[0m [34mDEBUG[0m [2matc_server::loops::blender_sync_loop[0m[2m:[0m Synced 2 drones to Blender
[2m2026-01-15T07:52:07.599701Z[0m [34mDEBUG[0m [2matc_server::loops::blender_sync_loop[0m[2m:[0m Synced 2 drones to Blender
